Информация: : 1120 mini-second(s) publishing element CustomCategory:abrd_view[publish.abrd.base\customcategories\abrd_view_2FB7154B.html]
Информация: CustomCategory:abrd_view: 1120 mini seconds publishing element
Информация: Practice:abrd: 888 mini seconds publishing element
Информация: Roadmap:how_to_adopt_abrd: 452 mini seconds publishing element
Информация: Concept:cycle_approach: 23 mini seconds publishing element
Информация: Concept:rdf_owl: 18 mini seconds publishing element
Информация: Artifact:brms_organization_chart: 786 mini seconds publishing element
Информация: Artifact:business_event_description: 15 mini seconds publishing element
Информация: Artifact:business_process_map: 17 mini seconds publishing element
Информация: Artifact:business_terms_glossary: 26 mini seconds publishing element
Информация: Artifact:conceptual_data_model: 16 mini seconds publishing element
Информация: Artifact:decision_point_table: 23 mini seconds publishing element
Информация: Artifact:decision_service_architecture: 14 mini seconds publishing element
Информация: Artifact:discovery_workshop_itinerary: 19 mini seconds publishing element
Информация: Artifact:executable_object_model: 11 mini seconds publishing element
Информация: Artifact:fact_model: 22 mini seconds publishing element
Информация: Artifact:logical_data_model: 22 mini seconds publishing element
Информация: Artifact:rsm_report: 8 mini seconds publishing element
Информация: Artifact:rule_description_doc: 19 mini seconds publishing element
Информация: Artifact:rule_discovery_roadmap: 16 mini seconds publishing element
Информация: Artifact:rule_governance_actors: 10 mini seconds publishing element
Информация: Artifact:rule_life_cycle: 16 mini seconds publishing element
Информация: Artifact:rule_meta_properties: 21 mini seconds publishing element
Информация: Artifact:rule_report: 14 mini seconds publishing element
Информация: Artifact:rule_repository: 10 mini seconds publishing element
Информация: Artifact:rule_repository_in_db: 13 mini seconds publishing element
Информация: Artifact:rule_set_life_cycle: 5 mini seconds publishing element
Информация: Artifact:ruleset: 17 mini seconds publishing element
Информация: Artifact:ruleset_table: 11 mini seconds publishing element
Информация: Artifact:sme_recommendations: 8 mini seconds publishing element
Информация: SupportingMaterial:epf_copyright: 7 mini seconds publishing element
Информация: Task:build_object_models: 516 mini seconds publishing element
Информация: Task:build_rule_project_structure: 36 mini seconds publishing element
Информация: Task:build_test_scenario: 9 mini seconds publishing element
Информация: Task:define_data_scenario: 8 mini seconds publishing element
Информация: Task:define_discovery_roadmap: 17 mini seconds publishing element
Информация: Task:define_policy_change_templates: 7 mini seconds publishing element
Информация: Task:define_rule_life_cycle: 9 mini seconds publishing element
Информация: Task:define_ruleset: 19 mini seconds publishing element
Информация: Task:define_ruleset_life_cycle: 8 mini seconds publishing element
Информация: Task:define_ruleset_ownership: 8 mini seconds publishing element
Информация: Task:define_ruleset_testing: 7 mini seconds publishing element
Информация: Task:deploy_rules: 11 mini seconds publishing element
Информация: Task:design_models_for_bre: 8 mini seconds publishing element
Информация: Task:design_reference_data_integration: 8 mini seconds publishing element
Информация: Task:determine_rule_implementation: 22 mini seconds publishing element
Информация: Task:develop_architecture: 24 mini seconds publishing element
Информация: Task:develop_organization_map: 12 mini seconds publishing element
Информация: Task:develop_process_maps: 16 mini seconds publishing element
Информация: Task:develop_rules: 32 mini seconds publishing element
Информация: Task:develop_unit_tests: 9 mini seconds publishing element
Информация: Task:enhance_object_models: 10 mini seconds publishing element
Информация: Task:execute_rule_discovery_roadmap: 25 mini seconds publishing element
Информация: Task:execute_rule_set: 8 mini seconds publishing element
Информация: Task:execute_ruleset_functional_test: 7 mini seconds publishing element
Информация: Task:extract_rule_meaning: 9 mini seconds publishing element
Информация: Task:get_rule_set_reports: 7 mini seconds publishing element
Информация: Task:get_sme_feedback: 8 mini seconds publishing element
Информация: Task:identify_decision_point: 9 mini seconds publishing element
Информация: Task:integrate_bre: 6 mini seconds publishing element
Информация: Task:log_issue: 7 mini seconds publishing element
Информация: Task:maintain_rules: 6 mini seconds publishing element
Информация: Task:monitor_improve_process: 5 mini seconds publishing element
Информация: Task:organise_workshop: 15 mini seconds publishing element
Информация: Task:plan_deployment: 5 mini seconds publishing element
Информация: Task:prototype_rules: 14 mini seconds publishing element
Информация: Task:review_decision_point_table: 17 mini seconds publishing element
Информация: Task:synchronize_data_model: 10 mini seconds publishing element
Информация: Task:synchronize_with_wrms: 6 mini seconds publishing element
Информация: Task:test_analysis: 11 mini seconds publishing element
Информация: Task:transform_rules: 25 mini seconds publishing element
Информация: Example:discover_decision_points: 409 mini seconds publishing element
Информация: Example:discovery_output: 8 mini seconds publishing element
Информация: Example:rule_atomicity: 8 mini seconds publishing element
Информация: SupportingMaterial:phase1_diagram: 5 mini seconds publishing element
Информация: SupportingMaterial:phase2_diagram: 5 mini seconds publishing element
Информация: SupportingMaterial:phase3_diagram: 5 mini seconds publishing element
Информация: SupportingMaterial:phase4_diagram: 5 mini seconds publishing element
Информация: SupportingMaterial:phase5_diagram: 5 mini seconds publishing element
Информация: SupportingMaterial:release_info_abrd: 4 mini seconds publishing element
Информация: Template:bom: 11 mini seconds publishing element
Информация: Template:business_glossary: 8 mini seconds publishing element
Информация: Template:decision_point_table: 5 mini seconds publishing element
Информация: Template:rule_discovery_invite: 6 mini seconds publishing element
Информация: Template:rule_discovery_roadmap: 7 mini seconds publishing element
Информация: Template:rule_set_table: 13 mini seconds publishing element
Информация: Template:rule_template_for_workflow_project: 12 mini seconds publishing element
Информация: Template:rule_templates: 7 mini seconds publishing element
Информация: Guideline:boolean_logic: 6 mini seconds publishing element
Информация: Guideline:bpmn_guide: 12 mini seconds publishing element
Информация: Guideline:business_rule_classification: 9 mini seconds publishing element
Информация: Guideline:decision_point: 5 mini seconds publishing element
Информация: Guideline:define_rule_implementation: 7 mini seconds publishing element
Информация: Guideline:discover_fact_model: 6 mini seconds publishing element
Информация: Guideline:execute_rule_discovery_workshop: 9 mini seconds publishing element
Информация: Guideline:jsr94: 6 mini seconds publishing element
Информация: Guideline:organise_rule_discovery_workshop: 6 mini seconds publishing element
Информация: Guideline:rule_delta_testing: 16 mini seconds publishing element
Информация: Guideline:rule_governance_actors: 28 mini seconds publishing element
Информация: Guideline:rule_management_team_mission: 7 mini seconds publishing element
Информация: Guideline:sbvr: 8 mini seconds publishing element
Информация: Guideline:types_of_rule_discovery: 8 mini seconds publishing element
Информация: Guideline:web_service_design: 7 mini seconds publishing element
Информация: Discipline:brd_disciplines: 7 mini seconds publishing element
Информация: Discipline:architecture: 5 mini seconds publishing element
Информация: Discipline:rule_analysis: 7 mini seconds publishing element
Информация: Discipline:rule_authoring: 6 mini seconds publishing element
Информация: Discipline:rule_deployment: 4 mini seconds publishing element
Информация: Discipline:rule_design: 5 mini seconds publishing element
Информация: Discipline:rule_governance: 6 mini seconds publishing element
Информация: Discipline:rule_validation: 5 mini seconds publishing element
Информация: Discipline:rule_discovery: 8 mini seconds publishing element
Информация: RoleSet:brd_role_set: 5 mini seconds publishing element
Информация: Role:business_analyst: 557 mini seconds publishing element
Информация: Role:business_process_analyst: 39 mini seconds publishing element
Информация: Role:rule_administrator: 30 mini seconds publishing element
Информация: Role:rule_analyst: 102 mini seconds publishing element
Информация: Role:rule_architect: 54 mini seconds publishing element
Информация: Role:rule_steward: 21 mini seconds publishing element
Информация: Role:rule_writer: 36 mini seconds publishing element
Информация: Role:subject_matter_expert: 21 mini seconds publishing element
Информация: Domain:brd_domains: 7 mini seconds publishing element
Информация: Domain:architecture: 4 mini seconds publishing element
Информация: Domain:rule_analysis: 3 mini seconds publishing element
Информация: Domain:rule_authoring: 3 mini seconds publishing element
Информация: Domain:rule_discovery: 5 mini seconds publishing element
Информация: Artifact:use_case: 9 mini seconds publishing element
Информация: Artifact:use_case_model: 9 mini seconds publishing element
Информация: Domain:rule_governance: 4 mini seconds publishing element
Информация: Artifact:rule_set_table: 13 mini seconds publishing element
Информация: Domain:rule_validation: 4 mini seconds publishing element
Информация: Domain:rule_deployment: 4 mini seconds publishing element
Информация: Domain:rule_design: 3 mini seconds publishing element
Информация: : 1839 mini-second(s) publishing element DeliveryProcess:abrd_process[process.abrd.base\deliveryprocesses\abrd_process_4591EC12.html]
Информация: DeliveryProcess:abrd_process: 1840 mini seconds publishing element
Информация: DeliveryProcess:abrd_process: 65 mini seconds publishing process specific layout data
Информация: Phase:Harvesting: 51 mini seconds publishing element
Информация: Activity:discover_business_rules: 38 mini seconds publishing element
Информация: Activity:analyze_business_rules: 32 mini seconds publishing element
Информация: Phase:prototyping: 61 mini seconds publishing element
Информация: Activity:discover_business_rules: 31 mini seconds publishing element
Информация: Activity:analyze_business_rules: 34 mini seconds publishing element
Информация: Activity:design_bre_integration: 36 mini seconds publishing element
Информация: Activity:author_business_rules: 27 mini seconds publishing element
Информация: Activity:develop__bre_architecture: 28 mini seconds publishing element
Информация: Phase:Cycle3- Building: 50 mini seconds publishing element
Информация: Activity:discover_business_rules: 28 mini seconds publishing element
Информация: Activity:analyze_business_rules: 51 mini seconds publishing element
Информация: Activity:design_bre_integration: 97 mini seconds publishing element
Информация: Activity:author_business_rules: 25 mini seconds publishing element
Информация: Activity:validate_business_rules: 33 mini seconds publishing element
Информация: Phase:Cycle 4- Integrating: 29 mini seconds publishing element
Информация: Activity:deploy_business_rules: 24 mini seconds publishing element
Информация: Phase:Cycle 5- Enhancing: 53 mini seconds publishing element
Информация: Activity:discover_business_rules: 27 mini seconds publishing element
Информация: Activity:analyze_business_rules: 30 mini seconds publishing element
Информация: Activity:design_bre_integration: 27 mini seconds publishing element
Информация: Activity:author_business_rules: 25 mini seconds publishing element
Информация: Activity:validate_business_rules: 29 mini seconds publishing element
Информация: Activity:deploy_business_rules: 24 mini seconds publishing element
Информация: DeliveryProcess:abrd_governance: 40 mini seconds publishing element
Информация: DeliveryProcess:abrd_governance: 3 mini seconds publishing process specific layout data
Информация: Phase:Set Governance Processes: 31 mini seconds publishing element
Информация: Phase:Maintain Rule: 30 mini seconds publishing element
Информация: CustomCategory:tasks: 11 mini seconds publishing element
Информация: CustomCategory:role_set_list: 9 mini seconds publishing element
Информация: RoleSet:basic_role_set: 5 mini seconds publishing element
Информация: Role:developer: 27 mini seconds publishing element
Информация: Role:project_manager: 25 mini seconds publishing element
Информация: Role:tester: 26 mini seconds publishing element
Информация: TermDefinition:brms: 5 mini seconds publishing element
Информация: TermDefinition:rule_engine: 4 mini seconds publishing element
Информация: TermDefinition:ruleflow: 4 mini seconds publishing element
Информация: TermDefinition:bom: 3 mini seconds publishing element
Информация: TermDefinition:decision_service: 3 mini seconds publishing element
Информация: TermDefinition:rule_set: 4 mini seconds publishing element
Информация: TermDefinition:rule_life_cycle: 3 mini seconds publishing element
Информация: Concept:executable_arch: 6 mini seconds publishing element
Информация: Concept:software_architecture: 17 mini seconds publishing element
Информация: Guideline:repres_interfaces_to_ext_systems: 5 mini seconds publishing element
Информация: TermDefinition:decision_table: 4 mini seconds publishing element
Информация: TermDefinition:decision_tree: 4 mini seconds publishing element
Информация: TermDefinition:decision_point: 3 mini seconds publishing element
Информация: SupportingMaterial:intellectual_property_notices: 3 mini seconds publishing element
Информация: Domain:requirements_domain: 4 mini seconds publishing element
Информация: Template:use_case_specification: 7 mini seconds publishing element
Информация: Example:use_case_spec: 8 mini seconds publishing element
Информация: Checklist:use_case: 341 mini seconds publishing element
Информация: Concept:use_case: 16 mini seconds publishing element
Информация: Example:uc_model_evolve: 13 mini seconds publishing element
Информация: Checklist:use_case_model: 8 mini seconds publishing element
Информация: Concept:actor: 10 mini seconds publishing element
Информация: Concept:use_case_model: 8 mini seconds publishing element
Информация: TaskDescriptor:identify_decision_point: 350 mini seconds publishing element
Информация: TaskDescriptor:review_decision_point_table: 12 mini seconds publishing element
Информация: TaskDescriptor:define_discovery_roadmap: 9 mini seconds publishing element
Информация: TaskDescriptor:organise_workshop: 9 mini seconds publishing element
Информация: TaskDescriptor:execute_rule_discovery_roadmap: 15 mini seconds publishing element
Информация: TaskDescriptor:extract_rule_meaning: 7 mini seconds publishing element
Информация: TaskDescriptor:transform_rules: 14 mini seconds publishing element
Информация: TaskDescriptor:build_test_scenario: 6 mini seconds publishing element
Информация: TaskDescriptor:synchronize_data_model: 7 mini seconds publishing element
Информация: TaskDescriptor:execute_rule_discovery_roadmap: 12 mini seconds publishing element
Информация: TaskDescriptor:extract_rule_meaning: 6 mini seconds publishing element
Информация: TaskDescriptor:transform_rules: 14 mini seconds publishing element
Информация: TaskDescriptor:build_test_scenario: 6 mini seconds publishing element
Информация: TaskDescriptor:synchronize_data_model: 7 mini seconds publishing element
Информация: TaskDescriptor:determine_rule_implementation: 16 mini seconds publishing element
Информация: TaskDescriptor:define_ruleset: 8 mini seconds publishing element
Информация: TaskDescriptor:build_object_models: 6 mini seconds publishing element
Информация: TaskDescriptor:build_rule_project_structure: 15 mini seconds publishing element
Информация: TaskDescriptor:prototype_rules: 8 mini seconds publishing element
Информация: TaskDescriptor:define_ruleset_testing: 6 mini seconds publishing element
Информация: TaskDescriptor:develop_unit_tests: 5 mini seconds publishing element
Информация: TaskDescriptor:develop_rules: 9 mini seconds publishing element
Информация: TaskDescriptor:enhance_object_models: 6 mini seconds publishing element
Информация: TaskDescriptor:execute_rule_set: 5 mini seconds publishing element
Информация: TaskDescriptor:log_issue: 4 mini seconds publishing element
Информация: TaskDescriptor:develop_architecture: 11 mini seconds publishing element
Информация: TaskDescriptor:design_reference_data_integration: 5 mini seconds publishing element
Информация: TaskDescriptor:design_models_for_bre: 5 mini seconds publishing element
Информация: TaskDescriptor:integrate_bre: 6 mini seconds publishing element
Информация: TaskDescriptor:execute_rule_discovery_roadmap: 12 mini seconds publishing element
Информация: TaskDescriptor:transform_rules: 13 mini seconds publishing element
Информация: TaskDescriptor:build_test_scenario: 5 mini seconds publishing element
Информация: TaskDescriptor:synchronize_data_model: 7 mini seconds publishing element
Информация: TaskDescriptor:determine_rule_implementation: 12 mini seconds publishing element
Информация: TaskDescriptor:develop_unit_tests: 6 mini seconds publishing element
Информация: TaskDescriptor:develop_rules: 10 mini seconds publishing element
Информация: TaskDescriptor:enhance_object_models: 6 mini seconds publishing element
Информация: TaskDescriptor:execute_rule_set: 5 mini seconds publishing element
Информация: TaskDescriptor:log_issue: 5 mini seconds publishing element
Информация: TaskDescriptor:define_ruleset_testing: 7 mini seconds publishing element
Информация: TaskDescriptor:define_data_scenario: 8 mini seconds publishing element
Информация: TaskDescriptor:execute_ruleset_functional_test: 8 mini seconds publishing element
Информация: TaskDescriptor:get_rule_set_reports: 8 mini seconds publishing element
Информация: TaskDescriptor:get_sme_feedback: 7 mini seconds publishing element
Информация: TaskDescriptor:test_analysis: 12 mini seconds publishing element
Информация: TaskDescriptor:deploy_rules: 8 mini seconds publishing element
Информация: TaskDescriptor:synchronize_with_wrms: 6 mini seconds publishing element
Информация: TaskDescriptor:execute_rule_discovery_roadmap: 11 mini seconds publishing element
Информация: TaskDescriptor:extract_rule_meaning: 7 mini seconds publishing element
Информация: TaskDescriptor:transform_rules: 13 mini seconds publishing element
Информация: TaskDescriptor:build_test_scenario: 5 mini seconds publishing element
Информация: TaskDescriptor:synchronize_data_model: 7 mini seconds publishing element
Информация: TaskDescriptor:determine_rule_implementation: 14 mini seconds publishing element
Информация: TaskDescriptor:develop_unit_tests: 6 mini seconds publishing element
Информация: TaskDescriptor:develop_rules: 12 mini seconds publishing element
Информация: TaskDescriptor:enhance_object_models: 6 mini seconds publishing element
Информация: TaskDescriptor:execute_rule_set: 5 mini seconds publishing element
Информация: TaskDescriptor:log_issue: 5 mini seconds publishing element
Информация: TaskDescriptor:execute_ruleset_functional_test: 6 mini seconds publishing element
Информация: TaskDescriptor:get_rule_set_reports: 5 mini seconds publishing element
Информация: TaskDescriptor:get_sme_feedback: 5 mini seconds publishing element
Информация: TaskDescriptor:test_analysis: 7 mini seconds publishing element
Информация: TaskDescriptor:deploy_rules: 7 mini seconds publishing element
Информация: TaskDescriptor:synchronize_with_wrms: 6 mini seconds publishing element
Информация: RoleDescriptor:business_analyst: 324 mini seconds publishing element
Информация: RoleDescriptor:business_process_analyst: 7 mini seconds publishing element
Информация: RoleDescriptor:developer: 6 mini seconds publishing element
Информация: RoleDescriptor:project_manager: 5 mini seconds publishing element
Информация: RoleDescriptor:rule_administrator: 5 mini seconds publishing element
Информация: RoleDescriptor:rule_analyst: 11 mini seconds publishing element
Информация: RoleDescriptor:rule_architect: 7 mini seconds publishing element
Информация: RoleDescriptor:rule_writer: 6 mini seconds publishing element
Информация: RoleDescriptor:subject_matter_expert: 5 mini seconds publishing element
Информация: RoleDescriptor:tester: 6 mini seconds publishing element
Информация: WorkProductDescriptor:business_event_description: 445 mini seconds publishing element
Информация: WorkProductDescriptor:business_process_map: 7 mini seconds publishing element
Информация: WorkProductDescriptor:business_terms_glossary: 9 mini seconds publishing element
Информация: WorkProductDescriptor:conceptual_data_model: 6 mini seconds publishing element
Информация: WorkProductDescriptor:decision_point_table: 9 mini seconds publishing element
Информация: WorkProductDescriptor:decision_service_architecture: 7 mini seconds publishing element
Информация: WorkProductDescriptor:executable_object_model: 5 mini seconds publishing element
Информация: WorkProductDescriptor:fact_model: 5 mini seconds publishing element
Информация: WorkProductDescriptor:logical_data_model: 5 mini seconds publishing element
Информация: WorkProductDescriptor:rsm_report: 5 mini seconds publishing element
Информация: WorkProductDescriptor:rule_description_doc: 7 mini seconds publishing element
Информация: WorkProductDescriptor:rule_discovery_roadmap: 6 mini seconds publishing element
Информация: WorkProductDescriptor:discovery_workshop_itinerary: 12 mini seconds publishing element
Информация: WorkProductDescriptor:rule_life_cycle: 7 mini seconds publishing element
Информация: WorkProductDescriptor:rule_meta_properties: 11 mini seconds publishing element
Информация: WorkProductDescriptor:rule_report: 5 mini seconds publishing element
Информация: WorkProductDescriptor:rule_repository: 5 mini seconds publishing element
Информация: WorkProductDescriptor:rule_repository_in_db: 5 mini seconds publishing element
Информация: WorkProductDescriptor:ruleset: 5 mini seconds publishing element
Информация: WorkProductDescriptor:ruleset_table: 5 mini seconds publishing element
Информация: WorkProductDescriptor:sme_recommendations: 5 mini seconds publishing element
Информация: WorkProductDescriptor:use_case: 5 mini seconds publishing element
Информация: WorkProductDescriptor:use_case_model: 6 mini seconds publishing element
Информация: RoleDescriptor:business_analyst: 5 mini seconds publishing element
Информация: RoleDescriptor:rule_analyst: 8 mini seconds publishing element
Информация: RoleDescriptor:subject_matter_expert: 5 mini seconds publishing element
Информация: WorkProductDescriptor:business_terms_glossary: 7 mini seconds publishing element
Информация: WorkProductDescriptor:conceptual_data_model: 5 mini seconds publishing element
Информация: WorkProductDescriptor:decision_point_table: 7 mini seconds publishing element
Информация: WorkProductDescriptor:fact_model: 6 mini seconds publishing element
Информация: WorkProductDescriptor:logical_data_model: 7 mini seconds publishing element
Информация: WorkProductDescriptor:rule_description_doc: 6 mini seconds publishing element
Информация: WorkProductDescriptor:rule_discovery_roadmap: 6 mini seconds publishing element
Информация: WorkProductDescriptor:discovery_workshop_itinerary: 7 mini seconds publishing element
Информация: WorkProductDescriptor:rule_life_cycle: 6 mini seconds publishing element
Информация: WorkProductDescriptor:rule_meta_properties: 11 mini seconds publishing element
Информация: WorkProductDescriptor:ruleset_table: 5 mini seconds publishing element
Информация: RoleDescriptor:business_analyst: 5 mini seconds publishing element
Информация: RoleDescriptor:business_process_analyst: 4 mini seconds publishing element
Информация: RoleDescriptor:rule_analyst: 7 mini seconds publishing element
Информация: RoleDescriptor:subject_matter_expert: 5 mini seconds publishing element
Информация: WorkProductDescriptor:business_process_map: 7 mini seconds publishing element
Информация: WorkProductDescriptor:business_terms_glossary: 13 mini seconds publishing element
Информация: WorkProductDescriptor:conceptual_data_model: 8 mini seconds publishing element
Информация: WorkProductDescriptor:decision_point_table: 10 mini seconds publishing element
Информация: WorkProductDescriptor:fact_model: 7 mini seconds publishing element
Информация: WorkProductDescriptor:logical_data_model: 7 mini seconds publishing element
Информация: WorkProductDescriptor:rule_description_doc: 6 mini seconds publishing element
Информация: WorkProductDescriptor:rule_discovery_roadmap: 5 mini seconds publishing element
Информация: WorkProductDescriptor:discovery_workshop_itinerary: 8 mini seconds publishing element
Информация: WorkProductDescriptor:rule_life_cycle: 6 mini seconds publishing element
Информация: WorkProductDescriptor:rule_meta_properties: 13 mini seconds publishing element
Информация: WorkProductDescriptor:ruleset_table: 5 mini seconds publishing element
Информация: WorkProductDescriptor:use_case_model: 5 mini seconds publishing element
Информация: RoleDescriptor:business_analyst: 6 mini seconds publishing element
Информация: RoleDescriptor:rule_analyst: 7 mini seconds publishing element
Информация: RoleDescriptor:subject_matter_expert: 5 mini seconds publishing element
Информация: WorkProductDescriptor:business_terms_glossary: 7 mini seconds publishing element
Информация: WorkProductDescriptor:conceptual_data_model: 5 mini seconds publishing element
Информация: WorkProductDescriptor:decision_point_table: 6 mini seconds publishing element
Информация: WorkProductDescriptor:fact_model: 6 mini seconds publishing element
Информация: WorkProductDescriptor:logical_data_model: 6 mini seconds publishing element
Информация: WorkProductDescriptor:rule_description_doc: 7 mini seconds publishing element
Информация: WorkProductDescriptor:rule_discovery_roadmap: 5 mini seconds publishing element
Информация: WorkProductDescriptor:discovery_workshop_itinerary: 10 mini seconds publishing element
Информация: WorkProductDescriptor:rule_life_cycle: 6 mini seconds publishing element
Информация: WorkProductDescriptor:rule_meta_properties: 11 mini seconds publishing element
Информация: WorkProductDescriptor:ruleset_table: 5 mini seconds publishing element
Информация: RoleDescriptor:rule_analyst: 7 mini seconds publishing element
Информация: WorkProductDescriptor:business_terms_glossary: 6 mini seconds publishing element
Информация: WorkProductDescriptor:conceptual_data_model: 4 mini seconds publishing element
Информация: WorkProductDescriptor:decision_point_table: 9 mini seconds publishing element
Информация: WorkProductDescriptor:fact_model: 5 mini seconds publishing element
Информация: WorkProductDescriptor:logical_data_model: 4 mini seconds publishing element
Информация: WorkProductDescriptor:rule_description_doc: 6 mini seconds publishing element
Информация: WorkProductDescriptor:rule_discovery_roadmap: 4 mini seconds publishing element
Информация: WorkProductDescriptor:discovery_workshop_itinerary: 6 mini seconds publishing element
Информация: WorkProductDescriptor:rule_life_cycle: 6 mini seconds publishing element
Информация: WorkProductDescriptor:rule_meta_properties: 10 mini seconds publishing element
Информация: WorkProductDescriptor:ruleset_table: 5 mini seconds publishing element
Информация: RoleDescriptor:developer: 5 mini seconds publishing element
Информация: RoleDescriptor:rule_architect: 5 mini seconds publishing element
Информация: RoleDescriptor:rule_writer: 6 mini seconds publishing element
Информация: WorkProductDescriptor:decision_service_architecture: 5 mini seconds publishing element
Информация: WorkProductDescriptor:executable_object_model: 4 mini seconds publishing element
Информация: WorkProductDescriptor:rule_report: 5 mini seconds publishing element
Информация: WorkProductDescriptor:rule_repository: 5 mini seconds publishing element
Информация: WorkProductDescriptor:rule_repository_in_db: 5 mini seconds publishing element
Информация: WorkProductDescriptor:ruleset: 6 mini seconds publishing element
Информация: RoleDescriptor:rule_architect: 7 mini seconds publishing element
Информация: WorkProductDescriptor:decision_point_table: 7 mini seconds publishing element
Информация: WorkProductDescriptor:decision_service_architecture: 6 mini seconds publishing element
Информация: WorkProductDescriptor:executable_object_model: 5 mini seconds publishing element
Информация: WorkProductDescriptor:fact_model: 5 mini seconds publishing element
Информация: WorkProductDescriptor:logical_data_model: 7 mini seconds publishing element
Информация: RoleDescriptor:business_analyst: 6 mini seconds publishing element
Информация: RoleDescriptor:business_process_analyst: 5 mini seconds publishing element
Информация: RoleDescriptor:developer: 6 mini seconds publishing element
Информация: RoleDescriptor:rule_analyst: 6 mini seconds publishing element
Информация: RoleDescriptor:rule_architect: 6 mini seconds publishing element
Информация: RoleDescriptor:rule_writer: 6 mini seconds publishing element
Информация: RoleDescriptor:subject_matter_expert: 6 mini seconds publishing element
Информация: WorkProductDescriptor:business_process_map: 6 mini seconds publishing element
Информация: WorkProductDescriptor:business_terms_glossary: 8 mini seconds publishing element
Информация: WorkProductDescriptor:conceptual_data_model: 5 mini seconds publishing element
Информация: WorkProductDescriptor:decision_point_table: 7 mini seconds publishing element
Информация: WorkProductDescriptor:decision_service_architecture: 5 mini seconds publishing element
Информация: WorkProductDescriptor:executable_object_model: 5 mini seconds publishing element
Информация: WorkProductDescriptor:fact_model: 5 mini seconds publishing element
Информация: WorkProductDescriptor:logical_data_model: 5 mini seconds publishing element
Информация: WorkProductDescriptor:rule_description_doc: 6 mini seconds publishing element
Информация: WorkProductDescriptor:rule_discovery_roadmap: 5 mini seconds publishing element
Информация: WorkProductDescriptor:discovery_workshop_itinerary: 7 mini seconds publishing element
Информация: WorkProductDescriptor:rule_life_cycle: 7 mini seconds publishing element
Информация: WorkProductDescriptor:rule_meta_properties: 11 mini seconds publishing element
Информация: WorkProductDescriptor:rule_report: 8 mini seconds publishing element
Информация: WorkProductDescriptor:rule_repository: 4 mini seconds publishing element
Информация: WorkProductDescriptor:rule_repository_in_db: 4 mini seconds publishing element
Информация: WorkProductDescriptor:ruleset: 6 mini seconds publishing element
Информация: WorkProductDescriptor:ruleset_table: 5 mini seconds publishing element
Информация: WorkProductDescriptor:use_case_model: 4 mini seconds publishing element
Информация: RoleDescriptor:business_analyst: 5 mini seconds publishing element
Информация: RoleDescriptor:rule_analyst: 7 mini seconds publishing element
Информация: RoleDescriptor:subject_matter_expert: 5 mini seconds publishing element
Информация: WorkProductDescriptor:business_terms_glossary: 7 mini seconds publishing element
Информация: WorkProductDescriptor:conceptual_data_model: 5 mini seconds publishing element
Информация: WorkProductDescriptor:decision_point_table: 6 mini seconds publishing element
Информация: WorkProductDescriptor:fact_model: 6 mini seconds publishing element
Информация: WorkProductDescriptor:logical_data_model: 6 mini seconds publishing element
Информация: WorkProductDescriptor:rule_description_doc: 7 mini seconds publishing element
Информация: WorkProductDescriptor:rule_discovery_roadmap: 4 mini seconds publishing element
Информация: WorkProductDescriptor:discovery_workshop_itinerary: 7 mini seconds publishing element
Информация: WorkProductDescriptor:rule_life_cycle: 6 mini seconds publishing element
Информация: WorkProductDescriptor:rule_meta_properties: 10 mini seconds publishing element
Информация: WorkProductDescriptor:ruleset_table: 5 mini seconds publishing element
Информация: RoleDescriptor:rule_analyst: 7 mini seconds publishing element
Информация: WorkProductDescriptor:business_terms_glossary: 8 mini seconds publishing element
Информация: WorkProductDescriptor:conceptual_data_model: 5 mini seconds publishing element
Информация: WorkProductDescriptor:decision_point_table: 6 mini seconds publishing element
Информация: WorkProductDescriptor:fact_model: 5 mini seconds publishing element
Информация: WorkProductDescriptor:logical_data_model: 5 mini seconds publishing element
Информация: WorkProductDescriptor:rule_description_doc: 5 mini seconds publishing element
Информация: WorkProductDescriptor:rule_discovery_roadmap: 5 mini seconds publishing element
Информация: WorkProductDescriptor:discovery_workshop_itinerary: 7 mini seconds publishing element
Информация: WorkProductDescriptor:rule_life_cycle: 5 mini seconds publishing element
Информация: WorkProductDescriptor:rule_meta_properties: 11 mini seconds publishing element
Информация: WorkProductDescriptor:ruleset_table: 5 mini seconds publishing element
Информация: RoleDescriptor:rule_analyst: 6 mini seconds publishing element
Информация: RoleDescriptor:rule_architect: 5 mini seconds publishing element
Информация: WorkProductDescriptor:business_terms_glossary: 6 mini seconds publishing element
Информация: WorkProductDescriptor:conceptual_data_model: 5 mini seconds publishing element
Информация: WorkProductDescriptor:decision_point_table: 7 mini seconds publishing element
Информация: WorkProductDescriptor:decision_service_architecture: 5 mini seconds publishing element
Информация: WorkProductDescriptor:executable_object_model: 4 mini seconds publishing element
Информация: WorkProductDescriptor:fact_model: 5 mini seconds publishing element
Информация: WorkProductDescriptor:logical_data_model: 5 mini seconds publishing element
Информация: WorkProductDescriptor:rule_description_doc: 5 mini seconds publishing element
Информация: WorkProductDescriptor:rule_discovery_roadmap: 4 mini seconds publishing element
Информация: WorkProductDescriptor:discovery_workshop_itinerary: 8 mini seconds publishing element
Информация: WorkProductDescriptor:rule_life_cycle: 5 mini seconds publishing element
Информация: WorkProductDescriptor:rule_meta_properties: 11 mini seconds publishing element
Информация: WorkProductDescriptor:rule_report: 5 mini seconds publishing element
Информация: WorkProductDescriptor:ruleset: 5 mini seconds publishing element
Информация: WorkProductDescriptor:ruleset_table: 4 mini seconds publishing element
Информация: RoleDescriptor:rule_writer: 6 mini seconds publishing element
Информация: WorkProductDescriptor:rule_report: 4 mini seconds publishing element
Информация: WorkProductDescriptor:rule_repository: 6 mini seconds publishing element
Информация: WorkProductDescriptor:rule_repository_in_db: 5 mini seconds publishing element
Информация: WorkProductDescriptor:ruleset: 5 mini seconds publishing element
Информация: RoleDescriptor:business_analyst: 5 mini seconds publishing element
Информация: RoleDescriptor:business_process_analyst: 5 mini seconds publishing element
Информация: RoleDescriptor:developer: 4 mini seconds publishing element
Информация: RoleDescriptor:rule_administrator: 4 mini seconds publishing element
Информация: RoleDescriptor:rule_analyst: 6 mini seconds publishing element
Информация: RoleDescriptor:rule_architect: 5 mini seconds publishing element
Информация: RoleDescriptor:rule_writer: 7 mini seconds publishing element
Информация: RoleDescriptor:subject_matter_expert: 5 mini seconds publishing element
Информация: RoleDescriptor:tester: 5 mini seconds publishing element
Информация: WorkProductDescriptor:business_process_map: 5 mini seconds publishing element
Информация: WorkProductDescriptor:business_terms_glossary: 8 mini seconds publishing element
Информация: WorkProductDescriptor:conceptual_data_model: 5 mini seconds publishing element
Информация: WorkProductDescriptor:decision_point_table: 7 mini seconds publishing element
Информация: WorkProductDescriptor:decision_service_architecture: 5 mini seconds publishing element
Информация: WorkProductDescriptor:executable_object_model: 4 mini seconds publishing element
Информация: WorkProductDescriptor:fact_model: 5 mini seconds publishing element
Информация: WorkProductDescriptor:logical_data_model: 5 mini seconds publishing element
Информация: WorkProductDescriptor:rsm_report: 4 mini seconds publishing element
Информация: WorkProductDescriptor:rule_description_doc: 6 mini seconds publishing element
Информация: WorkProductDescriptor:rule_discovery_roadmap: 5 mini seconds publishing element
Информация: WorkProductDescriptor:discovery_workshop_itinerary: 6 mini seconds publishing element
Информация: WorkProductDescriptor:rule_life_cycle: 6 mini seconds publishing element
Информация: WorkProductDescriptor:rule_meta_properties: 10 mini seconds publishing element
Информация: WorkProductDescriptor:rule_report: 5 mini seconds publishing element
Информация: WorkProductDescriptor:rule_repository: 5 mini seconds publishing element
Информация: WorkProductDescriptor:rule_repository_in_db: 4 mini seconds publishing element
Информация: WorkProductDescriptor:ruleset: 6 mini seconds publishing element
Информация: WorkProductDescriptor:ruleset_table: 5 mini seconds publishing element
Информация: WorkProductDescriptor:sme_recommendations: 4 mini seconds publishing element
Информация: WorkProductDescriptor:use_case_model: 5 mini seconds publishing element
Информация: RoleDescriptor:business_analyst: 6 mini seconds publishing element
Информация: RoleDescriptor:rule_analyst: 8 mini seconds publishing element
Информация: RoleDescriptor:subject_matter_expert: 5 mini seconds publishing element
Информация: WorkProductDescriptor:business_terms_glossary: 7 mini seconds publishing element
Информация: WorkProductDescriptor:conceptual_data_model: 5 mini seconds publishing element
Информация: WorkProductDescriptor:decision_point_table: 7 mini seconds publishing element
Информация: WorkProductDescriptor:fact_model: 6 mini seconds publishing element
Информация: WorkProductDescriptor:logical_data_model: 7 mini seconds publishing element
Информация: WorkProductDescriptor:rule_description_doc: 7 mini seconds publishing element
Информация: WorkProductDescriptor:rule_discovery_roadmap: 5 mini seconds publishing element
Информация: WorkProductDescriptor:discovery_workshop_itinerary: 7 mini seconds publishing element
Информация: WorkProductDescriptor:rule_life_cycle: 6 mini seconds publishing element
Информация: WorkProductDescriptor:rule_meta_properties: 11 mini seconds publishing element
Информация: WorkProductDescriptor:ruleset_table: 6 mini seconds publishing element
Информация: RoleDescriptor:rule_analyst: 8 mini seconds publishing element
Информация: WorkProductDescriptor:business_terms_glossary: 7 mini seconds publishing element
Информация: WorkProductDescriptor:conceptual_data_model: 5 mini seconds publishing element
Информация: WorkProductDescriptor:decision_point_table: 8 mini seconds publishing element
Информация: WorkProductDescriptor:fact_model: 5 mini seconds publishing element
Информация: WorkProductDescriptor:logical_data_model: 5 mini seconds publishing element
Информация: WorkProductDescriptor:rule_description_doc: 6 mini seconds publishing element
Информация: WorkProductDescriptor:rule_discovery_roadmap: 6 mini seconds publishing element
Информация: WorkProductDescriptor:discovery_workshop_itinerary: 7 mini seconds publishing element
Информация: WorkProductDescriptor:rule_life_cycle: 6 mini seconds publishing element
Информация: WorkProductDescriptor:rule_meta_properties: 11 mini seconds publishing element
Информация: WorkProductDescriptor:ruleset_table: 5 mini seconds publishing element
Информация: RoleDescriptor:rule_analyst: 6 mini seconds publishing element
Информация: WorkProductDescriptor:business_terms_glossary: 7 mini seconds publishing element
Информация: WorkProductDescriptor:conceptual_data_model: 5 mini seconds publishing element
Информация: WorkProductDescriptor:decision_point_table: 8 mini seconds publishing element
Информация: WorkProductDescriptor:fact_model: 6 mini seconds publishing element
Информация: WorkProductDescriptor:logical_data_model: 5 mini seconds publishing element
Информация: WorkProductDescriptor:rule_description_doc: 5 mini seconds publishing element
Информация: WorkProductDescriptor:rule_discovery_roadmap: 6 mini seconds publishing element
Информация: WorkProductDescriptor:discovery_workshop_itinerary: 7 mini seconds publishing element
Информация: WorkProductDescriptor:rule_life_cycle: 7 mini seconds publishing element
Информация: WorkProductDescriptor:rule_meta_properties: 11 mini seconds publishing element
Информация: WorkProductDescriptor:rule_report: 5 mini seconds publishing element
Информация: WorkProductDescriptor:ruleset: 5 mini seconds publishing element
Информация: WorkProductDescriptor:ruleset_table: 4 mini seconds publishing element
Информация: RoleDescriptor:rule_writer: 6 mini seconds publishing element
Информация: WorkProductDescriptor:rule_report: 5 mini seconds publishing element
Информация: WorkProductDescriptor:rule_repository: 5 mini seconds publishing element
Информация: WorkProductDescriptor:rule_repository_in_db: 6 mini seconds publishing element
Информация: WorkProductDescriptor:ruleset: 6 mini seconds publishing element
Информация: TaskDescriptor:develop_organization_map: 7 mini seconds publishing element
Информация: TaskDescriptor:define_ruleset_ownership: 4 mini seconds publishing element
Информация: TaskDescriptor:define_policy_change_templates: 5 mini seconds publishing element
Информация: TaskDescriptor:define_rule_life_cycle: 6 mini seconds publishing element
Информация: TaskDescriptor:define_ruleset_life_cycle: 4 mini seconds publishing element
Информация: TaskDescriptor:plan_deployment: 5 mini seconds publishing element
Информация: TaskDescriptor:develop_process_maps: 7 mini seconds publishing element
Информация: TaskDescriptor:monitor_improve_process: 4 mini seconds publishing element
Информация: TaskDescriptor:maintain_rules: 5 mini seconds publishing element
Информация: RoleDescriptor:business_analyst: 5 mini seconds publishing element
Информация: RoleDescriptor:rule_administrator: 4 mini seconds publishing element
Информация: RoleDescriptor:rule_analyst: 6 mini seconds publishing element
Информация: RoleDescriptor:rule_architect: 7 mini seconds publishing element
Информация: RoleDescriptor:rule_steward: 5 mini seconds publishing element
Информация: RoleDescriptor:rule_writer: 6 mini seconds publishing element
Информация: RoleDescriptor:subject_matter_expert: 6 mini seconds publishing element
Информация: WorkProductDescriptor:business_terms_glossary: 9 mini seconds publishing element
Информация: WorkProductDescriptor:conceptual_data_model: 5 mini seconds publishing element
Информация: WorkProductDescriptor:decision_point_table: 7 mini seconds publishing element
Информация: WorkProductDescriptor:decision_service_architecture: 7 mini seconds publishing element
Информация: WorkProductDescriptor:executable_object_model: 6 mini seconds publishing element
Информация: WorkProductDescriptor:fact_model: 5 mini seconds publishing element
Информация: WorkProductDescriptor:logical_data_model: 8 mini seconds publishing element
Информация: WorkProductDescriptor:brms_organization_chart: 5 mini seconds publishing element
Информация: WorkProductDescriptor:rule_description_doc: 6 mini seconds publishing element
Информация: WorkProductDescriptor:rule_discovery_roadmap: 6 mini seconds publishing element
Информация: WorkProductDescriptor:discovery_workshop_itinerary: 7 mini seconds publishing element
Информация: WorkProductDescriptor:rule_governance_actors: 7 mini seconds publishing element
Информация: WorkProductDescriptor:rule_life_cycle: 6 mini seconds publishing element
Информация: WorkProductDescriptor:rule_meta_properties: 11 mini seconds publishing element
Информация: WorkProductDescriptor:rule_report: 5 mini seconds publishing element
Информация: WorkProductDescriptor:rule_repository: 7 mini seconds publishing element
Информация: WorkProductDescriptor:rule_repository_in_db: 8 mini seconds publishing element
Информация: WorkProductDescriptor:ruleset: 6 mini seconds publishing element
Информация: WorkProductDescriptor:ruleset_table: 7 mini seconds publishing element
Информация: RoleDescriptor:rule_analyst: 7 mini seconds publishing element
Информация: WorkProductDescriptor:business_terms_glossary: 7 mini seconds publishing element
Информация: WorkProductDescriptor:conceptual_data_model: 7 mini seconds publishing element
Информация: WorkProductDescriptor:decision_point_table: 7 mini seconds publishing element
Информация: WorkProductDescriptor:fact_model: 6 mini seconds publishing element
Информация: WorkProductDescriptor:logical_data_model: 7 mini seconds publishing element
Информация: WorkProductDescriptor:rule_description_doc: 5 mini seconds publishing element
Информация: WorkProductDescriptor:rule_discovery_roadmap: 5 mini seconds publishing element
Информация: WorkProductDescriptor:discovery_workshop_itinerary: 6 mini seconds publishing element
Информация: WorkProductDescriptor:rule_life_cycle: 6 mini seconds publishing element
Информация: WorkProductDescriptor:rule_meta_properties: 11 mini seconds publishing element
Информация: WorkProductDescriptor:ruleset_table: 4 mini seconds publishing element
Информация: TermDefinition:role: 5 mini seconds publishing element
Информация: Concept:arch_significant_requirements: 4 mini seconds publishing element
Информация: SupportingMaterial:references: 13 mini seconds publishing element
Информация: Concept:arch_mechanism: 8 mini seconds publishing element
Информация: Concept:pattern: 6 mini seconds publishing element
Информация: Concept:arch_goals: 4 mini seconds publishing element
Информация: Concept:arch_constraints: 4 mini seconds publishing element
Информация: Concept:key_abstractions: 3 mini seconds publishing element
Информация: Guideline:layering: 5 mini seconds publishing element
Информация: Concept:component: 6 mini seconds publishing element
Информация: Guideline:software_reuse: 7 mini seconds publishing element
Информация: Concept:arch_views_viewpoints: 4 mini seconds publishing element
Информация: Guideline:entity_control_boundary_pattern: 7 mini seconds publishing element
Информация: Example:decision_table: 5 mini seconds publishing element
Информация: Example:decision_tree: 5 mini seconds publishing element
Информация: Concept:requirements: 6 mini seconds publishing element
Информация: Example:uc_deposit_funds_outline: 4 mini seconds publishing element
Информация: Example:uc_model_elaboration_phase: 5 mini seconds publishing element
Информация: Example:uc_model_inception_phase: 5 mini seconds publishing element
Информация: Example:uc_spec_validate_user: 4 mini seconds publishing element
Информация: Example:uc_transfer_funds_outline: 3 mini seconds publishing element
Информация: Example:uc_withdraw_cash_outline: 4 mini seconds publishing element
Информация: Concept:analysis_mechanism: 5 mini seconds publishing element
Информация: Concept:design_mechanism: 5 mini seconds publishing element
Информация: Example:architectural_mechanism_attributes: 4 mini seconds publishing element
Информация: Concept:implementation_mechanism: 5 mini seconds publishing element
Информация: Guideline:example_design_mechanisms: 16 mini seconds publishing element
Информация: Guideline:identify_common_architectural_mechanisms: 5 mini seconds publishing element
Информация: Concept:refactoring: 4 mini seconds publishing element
Информация: Example:four_plus_one_view_of_arch: 6 mini seconds publishing element
Информация: : Publishing time: 0 minutes 44 seconds
